{
  "RSpec": {
    "coverage": {
      "/home/aphavise/tic-tac-toe-rb-online-web-sp-000/lib/tic_tac_toe.rb": [
        null,
        1,
        null,
        null,
        null,
        null,
        null,
        null,
        null,
        null,
        null,
        null,
        null,
        null,
        1,
        30,
        30,
        30,
        30,
        30,
        null,
        null,
        1,
        47548,
        null,
        null,
        1,
        29,
        null,
        null,
        1,
        47550,
        null,
        null,
        1,
        47548,
        null,
        null,
        1,
        47555,
        47549,
        47545,
        47545,
        25,
        25,
        null,
        47520,
        null,
        null,
        null,
        null,
        null,
        1,
        12,
        12,
        35,
        23,
        null,
        null,
        null,
        1,
        2,
        2,
        2,
        2,
        null,
        2,
        0,
        null,
        null,
        null,
        null,
        null,
        1,
        null,
        null,
        null,
        null,
        null,
        null,
        1,
        0,
        null,
        null,
        null,
        null,
        null,
        null,
        1,
        null,
        14,
        14,
        109,
        109,
        109,
        null,
        109,
        109,
        109,
        null,
        109,
        null,
        6,
        0,
        null,
        null,
        8,
        null,
        null,
        null,
        1,
        46,
        null,
        null,
        1,
        7,
        null,
        null,
        1,
        3,
        null,
        null,
        1,
        3,
        2,
        null,
        null
      ]
    },
    "timestamp": 1588299287
  }
}
