{
  "RSpec": {
    "coverage": {
      "/home/harmonious-link-0382/tic-tac-toe-rb-online-web-sp-000/lib/tic_tac_toe.rb": [
        null,
        1,
        null,
        null,
        null,
        null,
        null,
        null,
        null,
        null,
        null,
        1,
        null,
        1,
        25,
        25,
        25,
        25,
        25,
        null,
        null,
        1,
        24,
        null,
        null,
        1,
        23,
        null,
        null,
        1,
        28,
        25,
        null,
        3,
        null,
        null,
        null,
        1,
        24,
        21,
        null,
        3,
        null,
        null,
        null,
        1,
        21,
        21,
        21,
        21,
        20,
        20,
        null,
        1,
        null,
        null,
        null,
        1,
        43,
        277,
        13,
        264,
        4,
        null,
        null,
        26,
        null,
        null,
        1,
        38,
        168,
        29,
        null,
        null,
        9,
        null,
        null,
        1,
        21,
        4,
        null,
        17,
        null,
        null,
        null,
        1,
        22,
        10,
        null,
        12,
        null,
        null,
        null,
        1,
        7,
        7,
        7,
        null,
        null,
        6,
        4,
        null,
        2,
        null,
        null,
        null,
        null,
        1,
        22,
        22,
        198,
        32,
        null,
        null,
        22,
        null,
        null,
        1,
        21,
        14,
        null,
        7,
        null,
        null,
        null,
        1,
        12,
        18,
        null,
        12,
        5,
        7,
        3,
        null,
        null,
        null,
        null
      ]
    },
    "timestamp": 1568644385
  }
}
