{
  "RSpec": {
    "coverage": {
      "/home/Dthielsen/tic-tac-toe-rb-online-web-sp-000/lib/tic_tac_toe.rb": [
        1,
        null,
        1,
        25,
        25,
        25,
        25,
        25,
        null,
        null,
        1,
        24,
        null,
        null,
        1,
        23,
        null,
        null,
        1,
        24,
        null,
        null,
        1,
        21,
        21,
        21,
        21,
        20,
        20,
        null,
        1,
        null,
        null,
        null,
        null,
        null,
        null,
        null,
        null,
        null,
        null,
        null,
        1,
        22,
        22,
        198,
        32,
        null,
        null,
        22,
        null,
        null,
        1,
        21,
        null,
        null,
        1,
        26,
        null,
        null,
        1,
        null,
        1,
        52,
        326,
        326,
        326,
        null,
        326,
        17,
        null,
        309,
        6,
        null,
        null,
        29,
        null,
        null,
        1,
        202,
        null,
        null,
        1,
        24,
        null,
        null,
        1,
        22,
        null,
        null,
        1,
        7,
        6,
        null,
        null,
        null,
        1,
        12,
        18,
        null,
        12,
        5,
        7,
        7,
        null,
        null
      ]
    },
    "timestamp": 1620406181
  }
}
